0:100  0:100  MemLog inited, TSC freq: 3408485460
0:100  0:000  CPU was calibrated with RTC
0:100  0:000  
0:100  0:000  Now is 15.7.2019,  1:4:12 (GMT)
0:100  0:000  Starting Clover revision: 4988 on American Megatrends EFI
0:100  0:000  Build with: [Args: -D NO_GRUB_DRIVERS_EMBEDDED | -D NO_GRUB_DRIVERS_EMBEDDED -D USE_LOW_EBDA -D HAVE_LEGACY_EMURUNTIMEDXE -a X64 -b RELEASE -t XCODE8 -n 5 | OS: 10.13.6 | XCODE: 10.1]
0:100  0:000  SelfDevicePath=PciRoot(0x0)\Pci(0x1B,0x0)\Pci(0x0,0x0)\NVMe(0x1,D2-01-B0-81-58-38-25-00)\HD(1,GPT,515D7379-9A00-4293-AC13-EDEF54E5413C,0x28,0x64000) @D87E5898
0:100  0:000  SelfDirPath = EFI\boot
0:105  0:005  === [ Get Smbios ] ========================================
0:105  0:000  Type 16 Index = 0
0:105  0:000  Total Memory Slots Count = 4
0:105  0:000  Type 17 Index = 0
0:105  0:000  SmbiosTable.Type17->Speed = 2400MHz
0:105  0:000  SmbiosTable.Type17->Size = 8192MB
0:105  0:000  SmbiosTable.Type17->Bank/Device =  DIMM1
0:105  0:000  SmbiosTable.Type17->Vendor = 01980000802C
0:105  0:000  SmbiosTable.Type17->SerialNumber = EA3B68EB
0:105  0:000  SmbiosTable.Type17->PartNumber = KHX2400C15/8G       
0:105  0:000  Type 17 Index = 1
0:105  0:000  SmbiosTable.Type17->Speed = 2400MHz
0:105  0:000  SmbiosTable.Type17->Size = 8192MB
0:105  0:000  SmbiosTable.Type17->Bank/Device =  DIMM2
0:105  0:000  SmbiosTable.Type17->Vendor = 01980000802C
0:105  0:000  SmbiosTable.Type17->SerialNumber = E83B6643
0:105  0:000  SmbiosTable.Type17->PartNumber = KHX2400C15/8G       
0:105  0:000  Type 17 Index = 2
0:105  0:000  Ignoring insane frequency value 0MHz
0:105  0:000  SmbiosTable.Type17->Speed = 0MHz
0:105  0:000  SmbiosTable.Type17->Size = 0MB
0:105  0:000  SmbiosTable.Type17->Bank/Device =  DIMM3
0:105  0:000  SmbiosTable.Type17->Vendor = <null string>
0:105  0:000  SmbiosTable.Type17->SerialNumber = <null string>
0:105  0:000  SmbiosTable.Type17->PartNumber = <null string>
0:105  0:000  Type 17 Index = 3
0:105  0:000  Ignoring insane frequency value 0MHz
0:105  0:000  SmbiosTable.Type17->Speed = 0MHz
0:105  0:000  SmbiosTable.Type17->Size = 0MB
0:105  0:000  SmbiosTable.Type17->Bank/Device =  DIMM4
0:105  0:000  SmbiosTable.Type17->Vendor = <null string>
0:105  0:000  SmbiosTable.Type17->SerialNumber = <null string>
0:105  0:000  SmbiosTable.Type17->PartNumber = <null string>
0:105  0:000  Boot status=0
0:105  0:000  Running on: 'Precision Tower 3620' with board '09WH54'
0:105  0:000  === [ GetCPUProperties ] ==================================
0:105  0:000  CPU Vendor = 756E6547 Model=506E3
0:105  0:000   The CPU supported SSE4.1
0:105  0:000  BrandString = Intel(R) Core(TM) i7-6700 CPU @ 3.40GHz
0:105  0:000   The CPU supported turbo
0:105  0:000  MSR 0x35               40008
0:105  0:000   TSC/CCC Information Leaf:
0:105  0:000    numerator     : 284
0:105  0:000    denominator   : 2
0:105  0:000   Calibrated ARTFrequency: 24003418
0:105  0:000  MSR 0xE2 before patch 1E008006
0:105  0:000  MSR 0xE2 is locked, PM patches will be turned on
0:105  0:000  MSR 0xCE              00080838_F1012200
0:105  0:000  corrected FLEX_RATIO = 0
0:105  0:000  MSR 0x1B0             00000000
0:105  0:000  FSBFrequency = 100 MHz, DMI FSBFrequency = 100 MHz, Corrected FSBFrequency = 100 MHz
0:105  0:000  MaxDiv/MinDiv: 34.0/8
0:105  0:000  Turbo: 37/38/39/40
0:105  0:000  Features: 0xBFEBFBFF
0:105  0:000  Threads: 8
0:105  0:000  Cores: 4
0:105  0:000  FSB: 100 MHz
0:105  0:000  CPU: 3400 MHz
0:105  0:000  TSC: 3400 MHz
0:105  0:000  PIS: 100 MHz
0:105  0:000  ExternalClock: 25 MHz
0:105  0:000  === [ GetDevices ] ========================================
0:105  0:000  PCI (00|00:00.00) : 8086 191F class=060000
0:105  0:000  PCI (00|00:01.00) : 8086 1901 class=060400
0:105  0:000  PCI (00|00:02.00) : 8086 1912 class=030000
0:105  0:000   - GFX: Model=Intel HD Graphics 530 (Intel)
0:105  0:000  PCI (00|00:14.00) : 8086 A12F class=0C0330
0:105  0:000  PCI (00|00:14.02) : 8086 A131 class=118000
0:105  0:000  PCI (00|00:16.00) : 8086 A13A class=078000
0:105  0:000  PCI (00|00:17.00) : 8086 A102 class=010601
0:105  0:000  PCI (00|00:1B.00) : 8086 A167 class=060400
0:105  0:000  PCI (00|02:00.00) : 144D A808 class=010802
0:105  0:000  PCI (00|00:1C.00) : 8086 A110 class=060400
0:105  0:000  PCI (00|03:00.00) : 104C 8240 class=060400
0:105  0:000  PCI (00|00:1F.00) : 8086 A149 class=060100
0:105  0:000  PCI (00|00:1F.02) : 8086 A121 class=058000
0:105  0:000  PCI (00|00:1F.03) : 8086 A170 class=040300
0:105  0:000  PCI (00|00:1F.04) : 8086 A123 class=0C0500
0:105  0:000  PCI (00|00:1F.06) : 8086 15B7 class=020000
0:105  0:000   - LAN: 0 Vendor=Intel
0:105  0:000  === [ GetDefaultSettings ] ================================
0:105  0:000  Clover load options size = 242 bytes
0:114  0:009  EFI\CLOVER\.plist not loaded with name from LoadOptions: Invalid Parameter
0:125  0:011  EFI\CLOVER\config.plist loaded: Success
0:125  0:000  === [ GetListOfThemes ] ===================================
0:127  0:002  - [00]: ClassicalDark
0:135  0:008  === [ Found config plists ] ===============================
0:137  0:002  - config.plist
0:139  0:001  === [ GetEarlyUserSettings ] ==============================
0:139  0:000  timeout set to 2
0:139  0:000  Custom boot CUSTOM_BOOT_DISABLED (0x0)
0:139  0:000  KextsToPatch: 1 requested
0:139  0:000   - [00]: AppleAHCIPort (External icons patch) :: BinPatch :: data len: 8
0:139  0:000  Default theme: ClassicalDark
0:139  0:000  Hiding entries with string Recovery
0:139  0:000  Hiding entries with string Preboot
0:139  0:000  === [ LoadDrivers ] =======================================
0:145  0:006  Loading HFSPlus-64.efi  status=Success
0:154  0:009   - driver needs connecting
0:154  0:000  Loading DataHubDxe-64.efi  status=Success
0:171  0:016  Loading FSInject-64.efi  status=Success
0:177  0:006  Loading ApfsDriverLoader-64.efi  status=Success
0:183  0:006   - driver needs connecting
0:183  0:000  Loading EmuVariableUefi-64.efi  status=Success
0:190  0:006  EmuVariableUefi Initialize: VariableCommonInitialize = Success, orig services stored, install gEmuVariableControlProtocolGuid = Success
0:190  0:000  Loading SMCHelper-64.efi  status=Success
0:196  0:006  Loading NvmExpressDxe-64.efi  status=Success
0:203  0:007   - driver needs connecting
0:203  0:000  Loading AptioMemoryFix.efi  status=Success
0:211  0:007  3 drivers needs connecting ...
0:211  0:000  PlatformDriverOverrideProtocol->GetDriver overriden
0:211  0:000  HFS+ driver loaded
0:211  0:000  APFS driver loaded
0:211  0:000  Searching for invalid DiskIo BY_DRIVER connects: not found, all ok
0:947  0:735  EmuVariable InstallEmulation: orig vars copied, emu.var.services installed, CreateEvent VirtualAddressChange = Success, CreateEvent ExitBootServices = Success, set Status=Success
0:969  0:022  === [ InitScreen ] ========================================
0:969  0:000  Console modes reported: 4, available modes:
0:969  0:000   - [01]: 80x25
0:969  0:000   - [02]: 80x25
0:969  0:000   - [03]: 100x31
0:969  0:000   - [04]: 320x75 (current mode)
0:969  0:000  SetMaxResolution: found best mode 3: 2560x1440
0:969  0:000   - already set
0:969  0:000  reinit: self device path=PciRoot(0x0)\Pci(0x1B,0x0)\Pci(0x0,0x0)\NVMe(0x1,D2-01-B0-81-58-38-25-00)\HD(1,GPT,515D7379-9A00-4293-AC13-EDEF54E5413C,0x28,0x64000)
0:972  0:003  Using embedded font: Success
0:973  0:000  === [ GetMacAddress ] =====================================
0:973  0:000  MAC address of LAN #0= 48:4D:7E:F5:A6:4E:
0:973  0:000  === [ ScanSPD ] ===========================================
0:973  0:000  Scanning SMBus [8086:A123], mmio: 0xF714A004, ioport: 0xF040, hostc: 0x11
0:992  0:019  Slot: 1 Type 26 8192MB 2400MHz Vendor=Kingston PartNo=KHX2400C158G SerialNo=0E0A030B06080E0B
1:011  0:018  Slot: 3 Type 26 8192MB 2400MHz Vendor=Kingston PartNo=KHX2400C158G SerialNo=0E08030B06060403
1:012  0:000  === [ GetAcpiTablesList ] =================================
1:012  0:000  Get Acpi Tables List from RSDT:
1:012  0:000   - [00]: FACP  CBX3    len=132
1:012  0:000   - [01]: APIC  CBX3    len=188
1:012  0:000   - [02]: FPDT  CBX3    len=68
1:012  0:000   - [03]: FIDT  CBX3    len=156
1:012  0:000   - [04]: MCFG  CBX3    len=60
1:012  0:000   - [05]: HPET  CBX3    len=56
1:012  0:000   - [06]: SSDT  SataTabl len=877
1:012  0:000   - [07]: SSDT  SaSsdt  len=21501
1:012  0:000   - [08]: UEFI   len=66
1:012  0:000   - [09]: LPIT  SKL len=148
1:012  0:000   - [10]: SSDT  sensrhub len=584
1:012  0:000   - [11]: SSDT  PtidDevc len=11182
1:012  0:000   - [12]: SSDT  Ther_Rvp len=3043
1:012  0:000   - [13]: DBGP   len=52
1:012  0:000   - [14]: DBG2   len=84
1:012  0:000   - [15]: SSDT  DELL__MT len=1557
1:012  0:000   - [16]: SSDT  CpuSsdt len=3699
1:012  0:000   - [17]: MSDM  CBX3    len=85
1:012  0:000   - [18]: SLIC  CBX3    len=374
1:012  0:000   - [19]: BGRT   len=56
1:012  0:000   - [20]: DMAR  SKL  len=168
1:012  0:000   - [21]: ASF!   HCG len=165
1:012  0:000   - [22]: EINJ  AMI.EINJ len=304
1:012  0:000   - [23]: ERST  AMI.ERST len=560
1:012  0:000   - [24]: BERT  AMI.BERT len=48
1:012  0:000   - [25]: HEST  AMI.HEST len=168
1:012  0:000  Calibrated TSC Frequency = 3408485460 = 3408MHz
1:012  0:000  === [ GetUserSettings ] ===================================
1:012  0:000  USB FixOwnership: yes
1:012  0:000  Dropping 2 tables:
1:012  0:000   - [00]: Drop table  signature="DMAR" (52414D44)
1:012  0:000           - set table: 52414D44,                0 to drop: yes
1:012  0:000   - [01]: Drop table  signature="MATS" (5354414D)
1:012  0:000           - set table: 5354414D,                0 to drop: no
1:012  0:000   - final DSDT Fix mask=0006005C
1:012  0:000  PatchesDSDT: 2 requested
1:012  0:000   - [00]: (change SAT0 to SATA) lenToFind: 4, lenToReplace: 4, Target Bridge: <null string>
1:012  0:000   - [01]: (change GFX0 to IGPU) lenToFind: 4, lenToReplace: 4, Target Bridge: <null string>
1:012  0:000  Using ProductName from config: iMac17,1
1:012  0:000  Using latest BiosVersion from clover
1:012  0:000  BiosVersion: IM171.88Z.F000.B00.1905281222
1:012  0:000  BiosReleaseDate: 05/28/2019
1:012  0:000  Using latest EfiVersion from clover: 168.0.0.0.0
1:012  0:000  Using FirmwareFeatures from config: 0xFC0FE137
1:012  0:000  Using FirmwareFeaturesMask from config: 0xFF1FFF3F
1:012  0:000  Board-ID set from config as Mac-B809C3757DA9BB8D
1:012  0:000  BoardType: 0xA
1:012  0:000  ChassisType: 0x9
1:016  0:004  === [ Found DSDT tables ] =================================
1:184  0:168  === [ ScanVolumes ] =======================================
1:184  0:000  Found 11 volumes with blockIO
1:184  0:000  - [00]: Volume: PciRoot(0x0)\Pci(0x17,0x0)\Sata(0x0,0xFFFF,0x0)
1:185  0:000  - [01]: Volume: PciRoot(0x0)\Pci(0x17,0x0)\Sata(0x1,0xFFFF,0x0)
1:185  0:000          Found optical drive
1:185  0:000  - [02]: Volume: PciRoot(0x0)\Pci(0x17,0x0)\Sata(0x0,0xFFFF,0x0)\HD(1,GPT,8BDE9054-0417-42C7-96A4-D959D1463E9A,0x28,0x64000)
1:185  0:000          Result of bootcode detection: bootable unknown (legacy)
1:185  0:000  - [03]: Volume: PciRoot(0x0)\Pci(0x17,0x0)\Sata(0x0,0xFFFF,0x0)\HD(2,GPT,AC9CE9B0-040A-4CDE-8C84-1A0865E9B53A,0x64028,0x74662D60)
1:186  0:000  - [04]: Volume: PciRoot(0x0)\Pci(0x1B,0x0)\Pci(0x0,0x0)\NVMe(0x1,D2-01-B0-81-58-38-25-00)
1:187  0:001  - [05]: Volume: PciRoot(0x0)\Pci(0x1B,0x0)\Pci(0x0,0x0)\NVMe(0x1,D2-01-B0-81-58-38-25-00)\HD(1,GPT,515D7379-9A00-4293-AC13-EDEF54E5413C,0x28,0x64000)
1:188  0:001          Result of bootcode detection: bootable unknown (legacy)
1:193  0:005          This is SelfVolume !!
1:193  0:000  - [06]: Volume: PciRoot(0x0)\Pci(0x1B,0x0)\Pci(0x0,0x0)\NVMe(0x1,D2-01-B0-81-58-38-25-00)\HD(2,GPT,8E323855-3294-4BD4-903B-8A3BA5C0A263,0x64028,0x1D161920)
1:194  0:001          Result of bootcode detection: bootable unknown (legacy)
1:194  0:000  - [07]: Volume: PciRoot(0x0)\Pci(0x1B,0x0)\Pci(0x0,0x0)\NVMe(0x1,D2-01-B0-81-58-38-25-00)\HD(2,GPT,8E323855-3294-4BD4-903B-8A3BA5C0A263,0x64028,0x1D161920)\VenMedia(BE74FCF7-0B7C-49F3-9147-01F4042E6842,E52B80CD6656994FA50324D750AA3B80)
1:194  0:000          hiding this volume
1:194  0:000  - [08]: Volume: PciRoot(0x0)\Pci(0x1B,0x0)\Pci(0x0,0x0)\NVMe(0x1,D2-01-B0-81-58-38-25-00)\HD(2,GPT,8E323855-3294-4BD4-903B-8A3BA5C0A263,0x64028,0x1D161920)\VenMedia(BE74FCF7-0B7C-49F3-9147-01F4042E6842,3DEA8007ACEFD531A135932D6A9221F6)
1:194  0:000  - [09]: Volume: PciRoot(0x0)\Pci(0x1B,0x0)\Pci(0x0,0x0)\NVMe(0x1,D2-01-B0-81-58-38-25-00)\HD(2,GPT,8E323855-3294-4BD4-903B-8A3BA5C0A263,0x64028,0x1D161920)\VenMedia(BE74FCF7-0B7C-49F3-9147-01F4042E6842,B5A121ECB6B664419FE5F673D38F159D)
1:194  0:000          hiding this volume
1:194  0:000  - [10]: Volume: PciRoot(0x0)\Pci(0x1B,0x0)\Pci(0x0,0x0)\NVMe(0x1,D2-01-B0-81-58-38-25-00)\HD(2,GPT,8E323855-3294-4BD4-903B-8A3BA5C0A263,0x64028,0x1D161920)\VenMedia(BE74FCF7-0B7C-49F3-9147-01F4042E6842,269FEC7C2AA306409589FA384EE557E9)
1:197  0:003  PutNvramPlistToRtVars: nvram.plist not found
1:197  0:000  No AudioIoProtocols, status=Not Found
1:197  0:000  === [ InitTheme ] =========================================
1:197  0:000  use night theme
1:207  0:010  Using theme 'ClassicalDark' (EFI\CLOVER\themes\ClassicalDark)
1:207  0:000  OS main and drive as badge
1:213  0:005    Channels: 1  Sample rate: 44100 Hz  Bits: 16
1:213  0:000  output to channel 0 with volume 70, len=122496
1:213  0:000   sound channels=1 bits=16 freq=44100
1:213  0:000  not found AudioIo to play
1:213  0:000  free sound
1:213  0:000  sound play end with status=Not Found
1:219  0:006    Channels: 1  Sample rate: 44100 Hz  Bits: 16
1:219  0:000  output to channel 0 with volume 70, len=122496
1:219  0:000   sound channels=1 bits=16 freq=44100
1:219  0:000  not found AudioIo to play
1:219  0:000  free sound
1:219  0:000  sound play end with status=Not Found
1:223  0:004  Loading font from ThemeDir: Success
1:224  0:000  theme inited
1:224  0:000  Chosen theme ClassicalDark
1:224  0:000  found boot-args in NVRAM:, size=1
1:224  0:000  after NVRAM boot-args=-v dart=0 -disablegfxfirmware lilucpu=8
1:224  0:000  === [ Dump SMC keys from NVRAM ] ==========================
1:224  0:000  found AppleSMC protocol
1:224  0:000  Registered 17 SMC keys
1:224  0:000  === [ ScanLoader ] ========================================
1:224  0:000  - [02]: 'EFI'
1:368  0:144  - [03]: 'Data HD'
1:498  0:129  - [05]: 'EFI'
1:684  0:185          AddLoaderEntry for Volume Name=EFI
1:684  0:000          skipped because entry is hidden
1:684  0:000  - [07]: 'Preboot', hidden
1:684  0:000  - [08]: 'Macintosh HD'
1:778  0:093          AddLoaderEntry for Volume Name=Macintosh HD
1:798  0:020      hibernated: set as never
1:961  0:162  - [09]: 'Recovery', hidden
1:961  0:000  - [10]: 'VM'
2:091  0:129  === [ AddCustomTool ] =====================================
2:097  0:006  found tool \EFI\CLOVER\tools\Shell64U.efi
2:097  0:000  Checking EFI partition Volume 2 for Clover
2:097  0:000  Checking EFI partition Volume 5 for Clover
2:103  0:006   Found Clover
2:107  0:004  EmuVariable UninstallEmulation: CloseEvent = Success, original var services restored
2:124  0:016  EmuVariable InstallEmulation: orig vars copied, emu.var.services installed, CreateEvent VirtualAddressChange = Success, CreateEvent ExitBootServices = Success, set Status=Success
2:146  0:022  === [ GetEfiBootDeviceFromNvram ] =========================
2:146  0:000  Default boot entry not found
2:146  0:000  EmuVariable UninstallEmulation: CloseEvent = Success, original var services restored
2:146  0:000  DefaultIndex=-1 and MainMenu.EntryCount=7
2:346  0:200  GUI ready
13:213  10:866  exit from MainMenu 1
24:318  11:105  EDITED: -v dart=0 
38:524  14:206  applied *-platform-id=0x19120000
38:524  0:000  EDITED: 0x19120000
45:734  7:209  ReinitSelfLib after theme change
45:734  0:000  reinit: self device path=PciRoot(0x0)\Pci(0x1B,0x0)\Pci(0x0,0x0)\NVMe(0x1,D2-01-B0-81-58-38-25-00)\HD(1,GPT,515D7379-9A00-4293-AC13-EDEF54E5413C,0x28,0x64000)
45:738  0:004  === [ ScanVolumes ] =======================================
45:738  0:000  Found 11 volumes with blockIO
45:738  0:000  - [00]: Volume: PciRoot(0x0)\Pci(0x17,0x0)\Sata(0x0,0xFFFF,0x0)
45:739  0:000  - [01]: Volume: PciRoot(0x0)\Pci(0x17,0x0)\Sata(0x1,0xFFFF,0x0)
45:739  0:000          Found optical drive
45:739  0:000  - [02]: Volume: PciRoot(0x0)\Pci(0x17,0x0)\Sata(0x0,0xFFFF,0x0)\HD(1,GPT,8BDE9054-0417-42C7-96A4-D959D1463E9A,0x28,0x64000)
45:740  0:000          Result of bootcode detection: bootable unknown (legacy)
45:740  0:000  - [03]: Volume: PciRoot(0x0)\Pci(0x17,0x0)\Sata(0x0,0xFFFF,0x0)\HD(2,GPT,AC9CE9B0-040A-4CDE-8C84-1A0865E9B53A,0x64028,0x74662D60)
45:740  0:000  - [04]: Volume: PciRoot(0x0)\Pci(0x1B,0x0)\Pci(0x0,0x0)\NVMe(0x1,D2-01-B0-81-58-38-25-00)
45:741  0:001  - [05]: Volume: PciRoot(0x0)\Pci(0x1B,0x0)\Pci(0x0,0x0)\NVMe(0x1,D2-01-B0-81-58-38-25-00)\HD(1,GPT,515D7379-9A00-4293-AC13-EDEF54E5413C,0x28,0x64000)
45:742  0:001          Result of bootcode detection: bootable unknown (legacy)
45:745  0:003          This is SelfVolume !!
45:745  0:000  - [06]: Volume: PciRoot(0x0)\Pci(0x1B,0x0)\Pci(0x0,0x0)\NVMe(0x1,D2-01-B0-81-58-38-25-00)\HD(2,GPT,8E323855-3294-4BD4-903B-8A3BA5C0A263,0x64028,0x1D161920)
45:746  0:001          Result of bootcode detection: bootable unknown (legacy)
45:746  0:000  - [07]: Volume: PciRoot(0x0)\Pci(0x1B,0x0)\Pci(0x0,0x0)\NVMe(0x1,D2-01-B0-81-58-38-25-00)\HD(2,GPT,8E323855-3294-4BD4-903B-8A3BA5C0A263,0x64028,0x1D161920)\VenMedia(BE74FCF7-0B7C-49F3-9147-01F4042E6842,E52B80CD6656994FA50324D750AA3B80)
45:746  0:000          hiding this volume
45:746  0:000  - [08]: Volume: PciRoot(0x0)\Pci(0x1B,0x0)\Pci(0x0,0x0)\NVMe(0x1,D2-01-B0-81-58-38-25-00)\HD(2,GPT,8E323855-3294-4BD4-903B-8A3BA5C0A263,0x64028,0x1D161920)\VenMedia(BE74FCF7-0B7C-49F3-9147-01F4042E6842,3DEA8007ACEFD531A135932D6A9221F6)
45:746  0:000  - [09]: Volume: PciRoot(0x0)\Pci(0x1B,0x0)\Pci(0x0,0x0)\NVMe(0x1,D2-01-B0-81-58-38-25-00)\HD(2,GPT,8E323855-3294-4BD4-903B-8A3BA5C0A263,0x64028,0x1D161920)\VenMedia(BE74FCF7-0B7C-49F3-9147-01F4042E6842,B5A121ECB6B664419FE5F673D38F159D)
45:747  0:000          hiding this volume
45:747  0:000  - [10]: Volume: PciRoot(0x0)\Pci(0x1B,0x0)\Pci(0x0,0x0)\NVMe(0x1,D2-01-B0-81-58-38-25-00)\HD(2,GPT,8E323855-3294-4BD4-903B-8A3BA5C0A263,0x64028,0x1D161920)\VenMedia(BE74FCF7-0B7C-49F3-9147-01F4042E6842,269FEC7C2AA306409589FA384EE557E9)
45:747  0:000  No AudioIoProtocols, status=Not Found
45:747  0:000  theme inited
45:747  0:000  Chosen theme ClassicalDark
45:747  0:000  found boot-args in NVRAM:, size=1
45:747  0:000  after NVRAM boot-args=-v dart=0  
45:747  0:000  === [ ScanLoader ] ========================================
45:747  0:000  - [02]: 'EFI'
45:877  0:129  - [03]: 'Data HD'
46:006  0:129  - [05]: 'EFI'
46:190  0:183          AddLoaderEntry for Volume Name=EFI
46:190  0:000          skipped because entry is hidden
46:190  0:000  - [07]: 'Preboot', hidden
46:190  0:000  - [08]: 'Macintosh HD'
46:252  0:062          AddLoaderEntry for Volume Name=Macintosh HD
46:268  0:016      hibernated: set as never
46:438  0:170  - [09]: 'Recovery', hidden
46:438  0:000  - [10]: 'VM'
46:567  0:128  === [ AddCustomTool ] =====================================
46:569  0:002  found tool \EFI\CLOVER\tools\Shell64U.efi
46:569  0:000  Checking EFI partition Volume 2 for Clover
46:569  0:000  Checking EFI partition Volume 5 for Clover
46:575  0:006   Found Clover
46:575  0:000  EmuVariable UninstallEmulation: CloseEvent = Invalid Parameter, original var services restored
46:575  0:000  EmuVariable InstallEmulation: orig vars copied, emu.var.services installed, CreateEvent VirtualAddressChange = Success, CreateEvent ExitBootServices = Success, set Status=Success
46:598  0:022  === [ GetEfiBootDeviceFromNvram ] =========================
46:598  0:000  Default boot entry not found
46:598  0:000  EmuVariable UninstallEmulation: CloseEvent = Success, original var services restored
46:598  0:000  DefaultIndex=-1 and MainMenu.EntryCount=7
52:022  5:424  exit from MainMenu 1
52:022  0:000  ParseBootOption: invalid input params
52:022  0:000  BootVariable of the entry is empty
52:022  0:000  === [ StartLoader ] =======================================
52:023  0:000  Finally: ExternalClock=26MHz BusSpeed=100250kHz CPUFreq=-4294963888MHz PIS: hw.busfrequency=104000000Hz
52:023  0:000  Loading boot.efi  status=Success
52:154  0:131  GetOSVersion: 10.14.5 (18F132)
52:155  0:000  CSR_CFG: CSR_ALLOW_UNTRUSTED_KEXTS | CSR_ALLOW_UNRESTRICTED_FS | CSR_ALLOW_TASK_FOR_PID | CSR_ALLOW_UNRESTRICTED_DTRACE | CSR_ALLOW_UNRESTRICTED_NVRAM
52:155  0:000  Filtering KextPatches:
52:155  0:000   - [00]: AppleAHCIPort (External icons patch) :: BinPatch :: [OS: 10.14.5 | MatchOS: All | MatchBuild: All] ==> allowed
52:155  0:000  Will not patch boot.efi
52:155  0:000  EmuVariable InstallEmulation: orig vars copied, emu.var.services installed, CreateEvent VirtualAddressChange = Success, CreateEvent ExitBootServices = Success, set Status=Success
52:178  0:023  === [ PatchSmbios ] =======================================
52:178  0:000  insert table 9 for dev 1F:6
52:178  0:000  Table 11 present, but rewritten for us
52:178  0:000  Not trusting SMBIOS because it's being sneaky...
52:178  0:000  Channels: 2
52:178  0:000  Interleave: 0 2 1 3 4 6 5 7 8 10 9 11 12 14 13 15 16 18 17 19 20 22 21 23
52:178  0:000  SMBIOS Type 17 Index = 0 => 0 0:
52:178  0:000  BANK 0 DIMM0 EMPTY
52:178  0:000  SMBIOS Type 17 Index = 1 => 2 2:
52:178  0:000  BANK 1 DIMM0 EMPTY
52:178  0:000  SMBIOS Type 17 Index = 2 => 1 1:
52:178  0:000  BANK 0 DIMM1 2400MHz 8192MB
52:178  0:000  SMBIOS Type 17 Index = 3 => 3 3:
52:178  0:000  BANK 1 DIMM1 2400MHz 8192MB
52:178  0:000  mTotalSystemMemory = 16384
52:178  0:000  NumberOfMemoryDevices = 4
52:178  0:000  Type20[0]->End = 0x7FFFFF, Type17[2] = 0x2000
52:178  0:000  Type20[1]->End = 0xFFFFFF, Type17[3] = 0x6000
52:178  0:000  Table 131 is present, CPUType=35
52:178  0:000  Change to: 705
52:178  0:000  === [ PatchACPI ] =========================================
52:178  0:000  Xsdt reallocation done
52:178  0:000  old FADT length=10C
52:178  0:000   SignatureFixup: 0xD6680FAE -> 0x0
52:181  0:002  Apply DsdtFixMask=0x0006005C
52:181  0:000     drop _DSM mask=0xFFFF
52:181  0:000  === [ FixBiosDsdt ] =======================================
52:181  0:000  Patching DSDT:
52:181  0:000   - [change SAT0 to SATA]: pattern 53415430, patched at: [ (B92E) (30) (FD49) (164D) (4EB) (29) (2E) (2E) (2E) ]
52:181  0:000   - [change GFX0 to IGPU]: pattern 47465830, patched at: [ (2F3C) (5BBC) (6F20) (1B) (420B) (14) (7A0D) (1666) (5B30) ]
52:181  0:000    0 replacements
52:182  0:000  found RTC Length not match, Maybe will cause CMOS reset, will patch it.
52:182  0:000  found RTC had IRQNoFlag will move -3 bytes
52:183  0:000  found PIC had IRQNoFlag will move -3 bytes
52:183  0:000  Start HPET Fix
52:184  0:001  PreCleanup XSDT: count=26, length=244
52:184  0:000  PreCleanup XSDT, corrected XSDT: count=26, length=244
52:184  0:000  === [ ACPIDropTables ] ====================================
52:184  0:000  Drop tables from XSDT, SIGN=DMAR TableID=SKL  Length=168
52:184  0:000   Table[20]: DMAR  SKL   168 dropped
52:184  0:000  0. [change SAT0 to SATA]: pattern 53415430, patched at: [ (B5) ]
52:184  0:000  1. [change GFX0 to IGPU]: pattern 47465830, bin not found / already patched!
52:184  0:000    0 replacements
52:184  0:000  0. [change SAT0 to SATA]: pattern 53415430, bin not found / already patched!
52:184  0:000  1. [change GFX0 to IGPU]: pattern 47465830, patched at: [ (DD3) (1C8A) (A66) (1D) (716) ]
52:184  0:000    0 replacements
52:184  0:000  Found OperationRegion(SANV, SystemMemory, DBF8AD98, ...)
52:185  0:000  0. [change SAT0 to SATA]: pattern 53415430, bin not found / already patched!
52:185  0:000  1. [change GFX0 to IGPU]: pattern 47465830, bin not found / already patched!
52:185  0:000    0 replacements
52:185  0:000  0. [change SAT0 to SATA]: pattern 53415430, bin not found / already patched!
52:185  0:000  1. [change GFX0 to IGPU]: pattern 47465830, bin not found / already patched!
52:185  0:000    0 replacements
52:185  0:000  0. [change SAT0 to SATA]: pattern 53415430, bin not found / already patched!
52:185  0:000  1. [change GFX0 to IGPU]: pattern 47465830, bin not found / already patched!
52:185  0:000    0 replacements
52:185  0:000  0. [change SAT0 to SATA]: pattern 53415430, bin not found / already patched!
52:185  0:000  1. [change GFX0 to IGPU]: pattern 47465830, bin not found / already patched!
52:185  0:000    0 replacements
52:185  0:000  0. [change SAT0 to SATA]: pattern 53415430, bin not found / already patched!
52:185  0:000  1. [change GFX0 to IGPU]: pattern 47465830, bin not found / already patched!
52:185  0:000    0 replacements
52:185  0:000  Found OperationRegion(PNVS, SystemMemory, CCDF9000, ...)
52:185  0:000  CPUBase=0 and ApicCPUBase=1 ApicCPUNum=1
52:185  0:000  Maximum control=0x22
52:185  0:000  Turbo control=0x28
52:185  0:000  P-States: min 0x8, max 0x28
52:185  0:000  SSDT with plugin-type without P-States is generated
52:185  0:000  Cleanup XSDT: count=27, length=252
52:185  0:000  corrected XSDT count=26, length=244
52:185  0:000  === [ RestSetup macOS ] ===================================
52:185  0:000  EdidDiscovered size=128
52:185  0:000  --- Discovered EDID Table size:128
52:185  0:000  000  |  00  FF  FF  FF  FF  FF  FF  00  10  AC
52:185  0:000  010  |  3A  41  4C  33  38  36  21  1B  01  04
52:185  0:000  020  |  B5  37  1F  78  3E  EE  95  A3  54  4C
52:185  0:000  030  |  99  26  0F  50  54  A5  4B  00  71  4F
52:185  0:000  040  |  A9  40  81  80  D1  C0  01  01  01  01
52:185  0:000  050  |  01  01  01  01  56  5E  00  A0  A0  A0
52:185  0:000  060  |  29  50  30  20  35  00  29  37  21  00
52:185  0:000  070  |  00  1A  00  00  00  FF  00  39  4E  33
52:185  0:000  080  |  4D  33  37  38  46  36  38  33  4C  0A
52:185  0:000  090  |  00  00  00  FC  00  44  45  4C  4C  20
52:185  0:000  100  |  55  32  35  31  38  44  0A  20  00  00
52:185  0:000  110  |  00  FD  00  38  4C  1E  5A  19  01  0A
52:185  0:000  120  |  20  20  20  20  20  20  01  B5
52:185  0:000  Intel HD Graphics 530 [8086:1912] :: PciRoot(0x0)\Pci(0x2,0x0)
52:185  0:000    FakeID Intel GFX = 0x19128086
52:185  0:000    ig-platform-id = 0x19120000
52:185  0:000  Intel GFX revision  = 0x6
52:185  0:000   RCBA disabled; cannot use it
52:185  0:000   setting specified layout-id=1 (0x1)
52:185  0:000  stringlength = 1588
52:185  0:000  CurrentMode: Width=2560 Height=1440
52:185  0:000  Beginning FSInjection
FSInjectionInstall ...
- Our FSI_SIMPLE_FILE_SYSTEM_PROTOCOL installed on handle: D69E1D18
FSInjectionInstall ...
- Our FSI_SIMPLE_FILE_SYSTEM_PROTOCOL installed on handle: D69E1D18
52:189  0:004  ** Warning: Your MLB is not suitable for iMessage(must be 17 chars long) !
52:189  0:000  Use origin smbios table type 1 guid.
52:193  0:003  Preparing kexts injection for arch=x86_64 from EFI\CLOVER\kexts\Other
52:193  0:000  Extra kext: EFI\CLOVER\kexts\Other\VoodooPS2Controller.kext (v.1.8.29)
52:204  0:011    |-- PlugIn kext: EFI\CLOVER\kexts\Other\VoodooPS2Controller.kext\Contents\PlugIns\VoodooPS2Mouse.kext (v.1.8.29)
52:216  0:011    |-- PlugIn kext: EFI\CLOVER\kexts\Other\VoodooPS2Controller.kext\Contents\PlugIns\VoodooPS2Keyboard.kext (v.1.8.29)
52:225  0:009    |-- PlugIn kext: EFI\CLOVER\kexts\Other\VoodooPS2Controller.kext\Contents\PlugIns\VoodooPS2Trackpad.kext (v.1.8.29)
52:236  0:010  Extra kext: EFI\CLOVER\kexts\Other\RealtekRTL8111.kext (v.2.2.1)
52:248  0:011  Extra kext: EFI\CLOVER\kexts\Other\FakeSMC.kext (v.1800)
52:258  0:010  Extra kext: EFI\CLOVER\kexts\Other\FakeSMC_CPUSensors.kext (v.1800)
52:268  0:010  Extra kext: EFI\CLOVER\kexts\Other\FakeSMC_GPUSensors.kext (v.1800)
52:279  0:010  Extra kext: EFI\CLOVER\kexts\Other\USBInjectAll.kext (v.0.7.1)
52:324  0:045  Extra kext: EFI\CLOVER\kexts\Other\FakeSMC_ACPISensors.kext (v.1800)
52:336  0:012  Extra kext: EFI\CLOVER\kexts\Other\WhateverGreen.kext (v.1.2.6)
52:355  0:018  Extra kext: EFI\CLOVER\kexts\Other\IntelMausiEthernet.kext (v.2.4.1d1)
52:365  0:009  Extra kext: EFI\CLOVER\kexts\Other\FakeSMC_LPCSensors.kext (v.1800)
52:408  0:042  Extra kext: EFI\CLOVER\kexts\Other\AppleALC.kext (v.1.3.5)
52:483  0:074  Extra kext: EFI\CLOVER\kexts\Other\FakeSMC_SMMSensors.kext (v.1800)
52:493  0:010  Extra kext: EFI\CLOVER\kexts\Other\Lilu.kext (v.1.3.7)
52:510  0:016  SetStartupDiskVolume:
52:510  0:000    * Volume: 'Macintosh HD'
52:510  0:000    * LoaderPath: '<null string>'
52:510  0:000    * DevPath: Macintosh HD
52:510  0:000    * GUID = 8E323855-3294-4BD4-903B-8A3BA5C0A263
52:510  0:000    * efi-boot-device: <array><dict><key>IOMatch</key><dict><key>IOProviderClass</key><string>IOMedia</string><key>IOPropertyMatch</key><dict><key>UUID</key><string>8E323855-3294-4BD4-903B-8A3BA5C0A263</string></dict></dict></dict></array>
52:510  0:000  Custom boot screen not used because entry has unset use graphics
52:510  0:000  Closing log
